Unpacking...
Checksumming...
Extracting...
UnZipSFX 5.50 of 17 February 2002, by Info-ZIP (Zip-Bugs@lists.wku.edu).
  inflating: jdk-6u45-linux-amd64.rpm  
  inflating: sun-javadb-common-10.6.2-1.1.i386.rpm  
  inflating: sun-javadb-core-10.6.2-1.1.i386.rpm  
  inflating: sun-javadb-client-10.6.2-1.1.i386.rpm  
  inflating: sun-javadb-demo-10.6.2-1.1.i386.rpm  
  inflating: sun-javadb-docs-10.6.2-1.1.i386.rpm  
  inflating: sun-javadb-javadoc-10.6.2-1.1.i386.rpm  
Preparing...                ##################################################
jdk                         ##################################################
Unpacking JAR files...
	rt.jar...
	jsse.jar...
	charsets.jar...
	tools.jar...
	localedata.jar...
	plugin.jar...
	javaws.jar...
	deploy.jar...
Installing JavaDB
Preparing...                ##################################################
sun-javadb-common           ##################################################
sun-javadb-core             ##################################################
sun-javadb-client           ##################################################
sun-javadb-demo             ##################################################
sun-javadb-docs             ##################################################
sun-javadb-javadoc          ##################################################
 
Done.
Retrieving http://file-server.toppay.com/soft/Oracle/koan-2.4.0-1.el6.noarch.rpm
Preparing...                ##################################################
koan                        ##################################################
